[debug] [2026-05-12T03:50:45.879Z] ----------------------------------------------------------------------
[debug] [2026-05-12T03:50:45.884Z] Command:       C:\nvm4w\nodejs\node.exe C:\Users\Danny\AppData\Roaming\npm\node_modules\firebase-tools\lib\bin\firebase.js deploy --only functions:analyzePhoto,hosting
[debug] [2026-05-12T03:50:45.885Z] CLI Version:   15.16.0
[debug] [2026-05-12T03:50:45.885Z] Platform:      win32
[debug] [2026-05-12T03:50:45.885Z] Node Version:  v24.12.0
[debug] [2026-05-12T03:50:45.886Z] Time:          Mon May 11 2026 22:50:45 GMT-0500 (Central Daylight Time)
[debug] [2026-05-12T03:50:45.886Z] ----------------------------------------------------------------------
[debug] 
[debug] [2026-05-12T12:02:12.014Z] > command requires scopes: ["email","openid","https://www.googleapis.com/auth/cloudplatformprojects.readonly","https://www.googleapis.com/auth/firebase","https://www.googleapis.com/auth/cloud-platform"]
[debug] [2026-05-12T12:02:12.014Z] > authorizing via signed-in user (hunt.db.95@gmail.com)
[debug] [2026-05-12T12:02:12.014Z] [iam] checking project dadapp-2cef8 for permissions ["cloudfunctions.functions.create","cloudfunctions.functions.delete","cloudfunctions.functions.get","cloudfunctions.functions.list","cloudfunctions.functions.update","cloudfunctions.operations.get","firebase.projects.get","firebasehosting.sites.update"]
[debug] [2026-05-12T12:02:12.019Z] Checked if tokens are valid: false, expires at: 1778561312619
[debug] [2026-05-12T12:02:12.020Z] Checked if tokens are valid: false, expires at: 1778561312619
[debug] [2026-05-12T12:02:12.020Z] > refreshing access token with scopes: []
[debug] [2026-05-12T12:02:12.026Z] >>> [apiv2][query] POST https://www.googleapis.com/oauth2/v3/token [none]
[debug] [2026-05-12T12:02:12.026Z] >>> [apiv2][body] POST https://www.googleapis.com/oauth2/v3/token [omitted]
[debug] [2026-05-12T12:02:12.193Z] *** [apiv2] error from fetch(https://www.googleapis.com/oauth2/v3/token, {"headers":{},"method":"POST","body":{"_overheadLength":545,"_valueLength":211,"_valuesToMeasure":[],"writable":false,"readable":true,"dataSize":0,"maxDataSize":2097152,"pauseStreams":true,"_released":true,"_streams":[],"_currentStream":null,"_insideLoop":false,"_pendingNext":false,"_boundary":"--------------------------bfcedc89f40bbe31d0e61ea6","_events":{},"_eventsCount":1}}): FetchError: request to https://www.googleapis.com/oauth2/v3/token failed, reason: getaddrinfo ENOTFOUND www.googleapis.com
[error] Authentication Error: Your credentials are no longer valid. Please run firebase login --reauth

For CI servers and headless environments, generate a new token with firebase login:ci
[debug] [2026-05-12T12:02:12.195Z] [iam] error while checking permissions, command may fail: Authentication Error: Your credentials are no longer valid. Please run firebase login --reauth

For CI servers and headless environments, generate a new token with firebase login:ci
[debug] [2026-05-12T12:02:12.195Z] Checked if tokens are valid: false, expires at: 1778561312619
[debug] [2026-05-12T12:02:12.196Z] Checked if tokens are valid: false, expires at: 1778561312619
[debug] [2026-05-12T12:02:12.205Z] > refreshing access token with scopes: []
[debug] [2026-05-12T12:02:12.206Z] >>> [apiv2][query] POST https://www.googleapis.com/oauth2/v3/token [none]
[debug] [2026-05-12T12:02:12.206Z] >>> [apiv2][body] POST https://www.googleapis.com/oauth2/v3/token [omitted]
[debug] [2026-05-12T12:02:12.214Z] *** [apiv2] error from fetch(https://www.googleapis.com/oauth2/v3/token, {"headers":{},"method":"POST","body":{"_overheadLength":545,"_valueLength":211,"_valuesToMeasure":[],"writable":false,"readable":true,"dataSize":0,"maxDataSize":2097152,"pauseStreams":true,"_released":true,"_streams":[],"_currentStream":null,"_insideLoop":false,"_pendingNext":false,"_boundary":"--------------------------ec3efce836aea928797b4710","_events":{},"_eventsCount":1}}): FetchError: request to https://www.googleapis.com/oauth2/v3/token failed, reason: getaddrinfo ENOTFOUND www.googleapis.com
[error] Authentication Error: Your credentials are no longer valid. Please run firebase login --reauth

For CI servers and headless environments, generate a new token with firebase login:ci
[debug] [2026-05-12T12:02:12.214Z] [functions] service account IAM check errored, deploy may fail: Authentication Error: Your credentials are no longer valid. Please run firebase login --reauth

For CI servers and headless environments, generate a new token with firebase login:ci {"name":"FirebaseError","children":[],"exit":1,"message":"Authentication Error: Your credentials are no longer valid. Please run \u001b[1mfirebase login --reauth\u001b[22m\n\nFor CI servers and headless environments, generate a new token with \u001b[1mfirebase login:ci\u001b[22m","status":500}
[debug] [2026-05-12T12:02:12.215Z] Checked if tokens are valid: false, expires at: 1778561312619
[debug] [2026-05-12T12:02:12.215Z] Checked if tokens are valid: false, expires at: 1778561312619
[debug] [2026-05-12T12:02:12.215Z] > refreshing access token with scopes: []
[debug] [2026-05-12T12:02:12.216Z] >>> [apiv2][query] POST https://www.googleapis.com/oauth2/v3/token [none]
[debug] [2026-05-12T12:02:12.216Z] >>> [apiv2][body] POST https://www.googleapis.com/oauth2/v3/token [omitted]
[debug] [2026-05-12T12:02:12.218Z] *** [apiv2] error from fetch(https://www.googleapis.com/oauth2/v3/token, {"headers":{},"method":"POST","body":{"_overheadLength":545,"_valueLength":211,"_valuesToMeasure":[],"writable":false,"readable":true,"dataSize":0,"maxDataSize":2097152,"pauseStreams":true,"_released":true,"_streams":[],"_currentStream":null,"_insideLoop":false,"_pendingNext":false,"_boundary":"--------------------------cda0da7c14c53feb9d6f74aa","_events":{},"_eventsCount":1}}): FetchError: request to https://www.googleapis.com/oauth2/v3/token failed, reason: getaddrinfo ENOTFOUND www.googleapis.com
[error] Authentication Error: Your credentials are no longer valid. Please run firebase login --reauth

For CI servers and headless environments, generate a new token with firebase login:ci
[debug] [2026-05-12T12:02:12.219Z] Authentication Error: Your credentials are no longer valid. Please run firebase login --reauth

For CI servers and headless environments, generate a new token with firebase login:ci
[error] 
[error] Error: Assertion failed: resolving hosting target of a site with no site name or target name. This should have caused an error earlier
